[2025-03-25 08:38:38,011],1025 httpx - INFO -HTTP Request: GET https://dagshub.com/api/v1/user "HTTP/1.1 200 OK"
[2025-03-25 08:38:38,016],107 dagshub - INFO -Accessing as Manish3451
[2025-03-25 08:38:38,402],1025 httpx - INFO -HTTP Request: GET https://dagshub.com/api/v1/repos/Manish3451/network_security_system "HTTP/1.1 200 OK"
[2025-03-25 08:38:38,765],1025 httpx - INFO -HTTP Request: GET https://dagshub.com/api/v1/user "HTTP/1.1 200 OK"
[2025-03-25 08:38:38,768],107 dagshub - INFO -Initialized MLflow to track repo "Manish3451/network_security_system"
[2025-03-25 08:38:38,769],107 dagshub - INFO -Repository Manish3451/network_security_system initialized!
[2025-03-25 08:41:20,907],42 root - INFO -Start data Ingestion
[2025-03-25 08:41:25,200],65 root - INFO -Performed train test split on the dataframe
[2025-03-25 08:41:25,200],67 root - INFO -Exited split_data_as_train_test method of Data_Ingestion class
[2025-03-25 08:41:25,201],75 root - INFO -Exporting train and test file path.
[2025-03-25 08:41:25,472],84 root - INFO -Exported train and test file path.
[2025-03-25 08:41:25,476],45 root - INFO -Data Ingestion completed and artifact: DataIngestionArtifact(trained_file_path='Artifacts\\03_25_2025_08_38_32\\data_ingestion\\ingested\\train.csv', test_file_path='Artifacts\\03_25_2025_08_38_32\\data_ingestion\\ingested\\test.csv')
[2025-03-25 08:41:25,499],55 root - INFO -Initiate the data Validation
[2025-03-25 08:41:25,719],32 root - INFO -Required number of columns:2
[2025-03-25 08:41:25,719],33 root - INFO -Data frame has columns:31
[2025-03-25 08:41:25,719],32 root - INFO -Required number of columns:2
[2025-03-25 08:41:25,719],33 root - INFO -Data frame has columns:31
[2025-03-25 08:41:26,268],63 root - INFO -Entered initiate_data_transformation method of DataTransformation class
[2025-03-25 08:41:26,268],65 root - INFO -Starting data transformation
[2025-03-25 08:41:26,428],48 root - INFO -Entered get_data_trnasformer_object method of Trnasformation class
[2025-03-25 08:41:26,428],53 root - INFO -Initialise KNNImputer with {'missing_values': nan, 'n_neighbors': 3, 'weights': 'uniform'}
[2025-03-25 08:41:26,477],47 root - INFO -Entered the save_object method of MainUtils class
[2025-03-25 08:41:26,486],51 root - INFO -Exited the save_object method of MainUtils class
[2025-03-25 08:41:26,487],47 root - INFO -Entered the save_object method of MainUtils class
[2025-03-25 08:41:26,498],51 root - INFO -Exited the save_object method of MainUtils class
[2025-03-25 08:54:00,634],47 root - INFO -Entered the save_object method of MainUtils class
[2025-03-25 08:54:00,635],51 root - INFO -Exited the save_object method of MainUtils class
[2025-03-25 08:54:00,635],47 root - INFO -Entered the save_object method of MainUtils class
[2025-03-25 08:54:00,641],51 root - INFO -Exited the save_object method of MainUtils class
[2025-03-25 08:54:00,641],160 root - INFO -Model trainer artifact: ModelTrainerArtifact(trained_model_file_path='Artifacts\\03_25_2025_08_38_32\\model_trainer\\trained_model\\model.pkl', train_metric_artifact=ClassificationMetricArtifact(f1_score=0.990918605043719, precision_score=0.9895489178072955, recall_score=0.9922920892494929), test_metric_artifact=ClassificationMetricArtifact(f1_score=0.9892706777128888, precision_score=0.9891363389462249, recall_score=0.9894050529747351))
