[2025-03-24 09:24:41,284],1025 httpx - INFO -HTTP Request: POST https://dagshub.com/login/oauth/middleman "HTTP/1.1 200 OK"
[2025-03-24 09:24:41,750],1025 httpx - INFO -HTTP Request: POST https://dagshub.com/login/oauth/access_token "HTTP/1.1 200 OK"
[2025-03-24 09:24:42,184],1025 httpx - INFO -HTTP Request: GET https://dagshub.com/api/v1/user "HTTP/1.1 200 OK"
[2025-03-24 09:24:42,201],107 dagshub - INFO -Accessing as Manish3451
[2025-03-24 09:24:42,893],1025 httpx - INFO -HTTP Request: GET https://dagshub.com/api/v1/repos/Manish3451/network_security_system "HTTP/1.1 200 OK"
[2025-03-24 09:24:43,377],1025 httpx - INFO -HTTP Request: GET https://dagshub.com/api/v1/user "HTTP/1.1 200 OK"
[2025-03-24 09:24:43,379],107 dagshub - INFO -Initialized MLflow to track repo "Manish3451/network_security_system"
[2025-03-24 09:24:43,388],107 dagshub - INFO -Repository Manish3451/network_security_system initialized!
[2025-03-24 09:24:45,911],20 root - INFO -Initiate the data ingestion
[2025-03-24 09:24:50,318],65 root - INFO -Performed train test split on the dataframe
[2025-03-24 09:24:50,318],67 root - INFO -Exited split_data_as_train_test method of Data_Ingestion class
[2025-03-24 09:24:50,319],75 root - INFO -Exporting train and test file path.
[2025-03-24 09:24:50,489],84 root - INFO -Exported train and test file path.
[2025-03-24 09:24:50,491],22 root - INFO -Data Initiation Completed
[2025-03-24 09:24:50,499],26 root - INFO -Initiate the data Validation
[2025-03-24 09:24:50,613],32 root - INFO -Required number of columns:2
[2025-03-24 09:24:50,613],33 root - INFO -Data frame has columns:31
[2025-03-24 09:24:50,613],32 root - INFO -Required number of columns:2
[2025-03-24 09:24:50,613],33 root - INFO -Data frame has columns:31
[2025-03-24 09:24:50,976],28 root - INFO -data Validation Completed
[2025-03-24 09:24:50,977],31 root - INFO -data Transformation started
[2025-03-24 09:24:50,977],63 root - INFO -Entered initiate_data_transformation method of DataTransformation class
[2025-03-24 09:24:50,977],65 root - INFO -Starting data transformation
[2025-03-24 09:24:51,057],48 root - INFO -Entered get_data_trnasformer_object method of Trnasformation class
[2025-03-24 09:24:51,057],53 root - INFO -Initialise KNNImputer with {'missing_values': nan, 'n_neighbors': 3, 'weights': 'uniform'}
[2025-03-24 09:24:51,087],47 root - INFO -Entered the save_object method of MainUtils class
[2025-03-24 09:24:51,094],51 root - INFO -Exited the save_object method of MainUtils class
[2025-03-24 09:24:51,094],47 root - INFO -Entered the save_object method of MainUtils class
[2025-03-24 09:24:51,100],51 root - INFO -Exited the save_object method of MainUtils class
[2025-03-24 09:24:51,103],35 root - INFO -data Transformation completed
[2025-03-24 09:24:51,104],37 root - INFO -Model Training sstared
