[2025-03-24 20:02:21,634],1025 httpx - INFO -HTTP Request: GET https://dagshub.com/api/v1/user "HTTP/1.1 200 OK"
[2025-03-24 20:02:21,671],107 dagshub - INFO -Accessing as Manish3451
[2025-03-24 20:02:23,208],1025 httpx - INFO -HTTP Request: GET https://dagshub.com/api/v1/repos/Manish3451/network_security_system "HTTP/1.1 200 OK"
[2025-03-24 20:02:23,708],1025 httpx - INFO -HTTP Request: GET https://dagshub.com/api/v1/user "HTTP/1.1 200 OK"
[2025-03-24 20:02:23,724],107 dagshub - INFO -Initialized MLflow to track repo "Manish3451/network_security_system"
[2025-03-24 20:02:23,730],107 dagshub - INFO -Repository Manish3451/network_security_system initialized!
[2025-03-24 20:02:26,311],20 root - INFO -Initiate the data ingestion
[2025-03-24 20:02:30,138],65 root - INFO -Performed train test split on the dataframe
[2025-03-24 20:02:30,138],67 root - INFO -Exited split_data_as_train_test method of Data_Ingestion class
[2025-03-24 20:02:30,138],75 root - INFO -Exporting train and test file path.
[2025-03-24 20:02:30,323],84 root - INFO -Exported train and test file path.
[2025-03-24 20:02:30,324],22 root - INFO -Data Initiation Completed
[2025-03-24 20:02:30,332],26 root - INFO -Initiate the data Validation
[2025-03-24 20:02:30,499],32 root - INFO -Required number of columns:2
[2025-03-24 20:02:30,499],33 root - INFO -Data frame has columns:31
[2025-03-24 20:02:30,499],32 root - INFO -Required number of columns:2
[2025-03-24 20:02:30,499],33 root - INFO -Data frame has columns:31
[2025-03-24 20:02:30,875],28 root - INFO -data Validation Completed
[2025-03-24 20:02:30,876],31 root - INFO -data Transformation started
[2025-03-24 20:02:30,876],63 root - INFO -Entered initiate_data_transformation method of DataTransformation class
[2025-03-24 20:02:30,876],65 root - INFO -Starting data transformation
[2025-03-24 20:02:30,946],48 root - INFO -Entered get_data_trnasformer_object method of Trnasformation class
[2025-03-24 20:02:30,948],53 root - INFO -Initialise KNNImputer with {'missing_values': nan, 'n_neighbors': 3, 'weights': 'uniform'}
[2025-03-24 20:02:30,980],47 root - INFO -Entered the save_object method of MainUtils class
[2025-03-24 20:02:30,986],51 root - INFO -Exited the save_object method of MainUtils class
[2025-03-24 20:02:30,987],47 root - INFO -Entered the save_object method of MainUtils class
[2025-03-24 20:02:30,995],51 root - INFO -Exited the save_object method of MainUtils class
[2025-03-24 20:02:30,999],35 root - INFO -data Transformation completed
[2025-03-24 20:02:30,999],37 root - INFO -Model Training sstared
[2025-03-24 20:12:50,518],47 root - INFO -Entered the save_object method of MainUtils class
[2025-03-24 20:12:50,520],51 root - INFO -Exited the save_object method of MainUtils class
[2025-03-24 20:12:50,520],47 root - INFO -Entered the save_object method of MainUtils class
[2025-03-24 20:12:50,524],51 root - INFO -Exited the save_object method of MainUtils class
[2025-03-24 20:12:50,525],160 root - INFO -Model trainer artifact: ModelTrainerArtifact(trained_model_file_path='Artifacts\\03_24_2025_20_02_16\\model_trainer\\trained_model\\model.pkl', train_metric_artifact=ClassificationMetricArtifact(f1_score=0.9914749661705007, precision_score=0.9906036638950855, recall_score=0.9923478025326742), test_metric_artifact=ClassificationMetricArtifact(f1_score=0.9862718707940781, precision_score=0.9833601717659689, recall_score=0.9892008639308856))
[2025-03-24 20:12:50,528],42 root - INFO -Model Training artifact created
